<?xml version="1.0" encoding="UTF-8"?>
<!-- Generated by org.testng.reporters.JUnitReportReporter -->
<testsuite hostname="DESKTOP-G2S5BGV" name="com.qa.ecommerce.LoginPageTest" tests="4" failures="0" timestamp="20 Sep 2019 23:16:44 GMT" time="0.970" errors="0">
  <testcase name="testlogin" time="0.035" classname="com.qa.ecommerce.LoginPageTest"/>
  <testcase name="loginpagetitletest" time="0.018" classname="com.qa.ecommerce.LoginPageTest"/>
  <testcase name="login" time="0.877" classname="com.qa.ecommerce.LoginPageTest"/>
  <testcase name="logotest" time="0.040" classname="com.qa.ecommerce.LoginPageTest"/>
</testsuite> <!-- com.qa.ecommerce.LoginPageTest -->
