<?xml version="1.0" encoding="UTF-8"?>
<!-- Generated by org.testng.reporters.JUnitReportReporter -->
<testsuite hostname="DESKTOP-G2S5BGV" name="com.qa.javasessions.googleinterviewquestion" tests="2" failures="0" timestamp="11 Sep 2019 23:13:16 GMT" time="14.533" errors="0">
  <testcase name="firsttest" time="8.394" classname="com.qa.javasessions.googleinterviewquestion"/>
  <testcase name="secondtest" time="6.139" classname="com.qa.javasessions.googleinterviewquestion"/>
</testsuite> <!-- com.qa.javasessions.googleinterviewquestion -->
