<?xml version="1.0" encoding="UTF-8"?>
<!-- Generated by org.testng.reporters.JUnitReportReporter -->
<testsuite hostname="DESKTOP-G2S5BGV" name="com.qa.ecommerce.Dataprovidersample1" tests="3" failures="0" timestamp="9 Sep 2019 19:42:46 GMT" time="60.438" errors="0">
  <testcase name="setdata" time="24.771" classname="com.qa.ecommerce.Dataprovidersample1"/>
  <testcase name="setdata" time="15.949" classname="com.qa.ecommerce.Dataprovidersample1"/>
  <testcase name="setdata" time="19.718" classname="com.qa.ecommerce.Dataprovidersample1"/>
</testsuite> <!-- com.qa.ecommerce.Dataprovidersample1 -->
