<?xml version="1.0" encoding="UTF-8"?>
<!-- Generated by org.testng.reporters.JUnitReportReporter -->
<testsuite hostname="DESKTOP-G2S5BGV" name="com.qa.javasessions.Annotations" tests="3" failures="0" timestamp="19 Apr 2019 19:26:01 GMT" time="0.000" errors="0">
  <testcase name="getmultiply" time="0.000" classname="com.qa.javasessions.Annotations"/>
  <testcase name="getsubstract" time="0.000" classname="com.qa.javasessions.Annotations"/>
  <testcase name="getsum" time="0.000" classname="com.qa.javasessions.Annotations"/>
</testsuite> <!-- com.qa.javasessions.Annotations -->
