<?xml version="1.0" encoding="UTF-8"?>
<!-- Generated by org.testng.reporters.JUnitReportReporter -->
<testsuite skipped="0" hostname="DESKTOP-G2S5BGV" name="com.qa.ecommerce.LoginPageTest" tests="4" failures="0" timestamp="26 Mar 2019 18:00:33 GMT" time="1.119" errors="0">
  <testcase name="logotest" time="0.034" classname="com.qa.ecommerce.LoginPageTest"/>
  <testcase name="login" time="1.039" classname="com.qa.ecommerce.LoginPageTest"/>
  <testcase name="loginpagetitletest" time="0.014" classname="com.qa.ecommerce.LoginPageTest"/>
  <testcase name="testlogin" time="0.032" classname="com.qa.ecommerce.LoginPageTest"/>
</testsuite> <!-- com.qa.ecommerce.LoginPageTest -->
