<?xml version="1.0" encoding="UTF-8"?>
<!-- Generated by org.testng.reporters.JUnitReportReporter -->
<testsuite skipped="0" hostname="DESKTOP-G2S5BGV" name="com.qa.ecommerce.BrandsPageTest" tests="1" failures="0" timestamp="26 Mar 2019 18:00:33 GMT" time="2.985" errors="0">
  <testcase name="clickonBrands" time="2.985" classname="com.qa.ecommerce.BrandsPageTest"/>
</testsuite> <!-- com.qa.ecommerce.BrandsPageTest -->
